<?xml version="1.0" encoding="UTF-8"?><testsuite name="Chrome_3702062120_Linux.application" errors="3" failures="0" tests="3" time="0.09">
<testcase classname="Chrome_3702062120_Linux.application" name="test test print form login" time="0.028">
<error type="error">[{"message":"domHelp is not defined","name":"ReferenceError","stack":"ReferenceError: domHelp is not defined\n    at Object.&lt;anonymous&gt; (http://localhost:9876/test/test/qunit/application_test.js:12:20)\n    at QUnitTestCase.(anonymous function) [as test test print form login] (http://localhost:9876/test/JSTDQUA/QUnitAdapter.js:47:37)\n    at jstestdriver.plugins.TestRunnerPlugin.runTest (http://localhost:9876/static/runner.js:5403:33)\n    at TestResultIterator.runTest (http://localhost:9876/test/com/google/jstestdriver/coverage/javascript/LCOV.js:201:28)\n    at TestResultIterator.runNext (http://localhost:9876/test/com/google/jstestdriver/coverage/javascript/LCOV.js:292:10)\n    at InstrumentedTestCaseRunner.run (http://localhost:9876/test/com/google/jstestdriver/coverage/javascript/LCOV.js:250:27)\n    at InstrumentedTestCaseRunnerPlugin.runTestConfiguration (http://localhost:9876/test/com/google/jstestdriver/coverage/javascript/LCOV.js:221:20)\n    at jstestdriver.PluginRegistrar.dispatch_ (http://localhost:9876/static/runner.js:1603:26)\n    at jstestdriver.PluginRegistrar.runTestConfiguration (http://localhost:9876/static/runner.js:1693:8)\n    at jstestdriver.TestRunner.runConfiguration (http://localhost:9876/static/runner.js:2817:25)"}]</error>
</testcase>
<testcase classname="Chrome_3702062120_Linux.application" name="test test print ajout utilisateur" time="0.026">
<error type="error">[{"message":"domHelp is not defined","name":"ReferenceError","stack":"ReferenceError: domHelp is not defined\n    at Object.&lt;anonymous&gt; (http://localhost:9876/test/test/qunit/application_test.js:26:24)\n    at QUnitTestCase.(anonymous function) [as test test print ajout utilisateur] (http://localhost:9876/test/JSTDQUA/QUnitAdapter.js:47:37)\n    at jstestdriver.plugins.TestRunnerPlugin.runTest (http://localhost:9876/static/runner.js:5403:33)\n    at TestResultIterator.runTest (http://localhost:9876/test/com/google/jstestdriver/coverage/javascript/LCOV.js:201:28)\n    at TestResultIterator.runNext (http://localhost:9876/test/com/google/jstestdriver/coverage/javascript/LCOV.js:292:10)\n    at InstrumentedTestCaseRunner.run (http://localhost:9876/test/com/google/jstestdriver/coverage/javascript/LCOV.js:250:27)\n    at bound (http://localhost:9876/static/jstestdrivernamespace.js:71:17)"}]</error>
</testcase>
<testcase classname="Chrome_3702062120_Linux.application" name="test test print client" time="0.036">
<error type="error">[{"message":"domHelp is not defined","name":"ReferenceError","stack":"ReferenceError: domHelp is not defined\n    at Object.&lt;anonymous&gt; (http://localhost:9876/test/test/qunit/application_test.js:56:20)\n    at QUnitTestCase.(anonymous function) [as test test print client] (http://localhost:9876/test/JSTDQUA/QUnitAdapter.js:47:37)\n    at jstestdriver.plugins.TestRunnerPlugin.runTest (http://localhost:9876/static/runner.js:5403:33)\n    at TestResultIterator.runTest (http://localhost:9876/test/com/google/jstestdriver/coverage/javascript/LCOV.js:201:28)\n    at TestResultIterator.runNext (http://localhost:9876/test/com/google/jstestdriver/coverage/javascript/LCOV.js:292:10)\n    at InstrumentedTestCaseRunner.run (http://localhost:9876/test/com/google/jstestdriver/coverage/javascript/LCOV.js:250:27)\n    at bound (http://localhost:9876/static/jstestdrivernamespace.js:71:17)"}]</error>
</testcase>
</testsuite>
