<?xml version="1.0" encoding="UTF-8"?>
<testsuite name="Chrome_3702062120_Linux.main_test" errors="4" failures="0" tests="5" time="0.656">
<testcase classname="Chrome_3702062120_Linux.main_test" name="test test get moniteur by type" time="0.003">
<error type="error">[{"message":"deepEqual is not defined","name":"ReferenceError","stack":"ReferenceError: deepEqual is not defined\n    at Object.&lt;anonymous&gt; (http://localhost:9876/test/test/qunit/main_test.js:16:21)\n    at QUnitTestCase.(anonymous function) [as test test get moniteur by type] (http://localhost:9876/test/JSTDQUA/QUnitAdapter.js:47:37)\n    at jstestdriver.plugins.TestRunnerPlugin.runTest (http://localhost:9876/static/runner.js:5403:33)\n    at TestResultIterator.runTest (http://localhost:9876/test/com/google/jstestdriver/coverage/javascript/LCOV.js:201:28)\n    at TestResultIterator.runNext (http://localhost:9876/test/com/google/jstestdriver/coverage/javascript/LCOV.js:292:10)\n    at InstrumentedTestCaseRunner.run (http://localhost:9876/test/com/google/jstestdriver/coverage/javascript/LCOV.js:250:27)\n    at InstrumentedTestCaseRunnerPlugin.runTestConfiguration (http://localhost:9876/test/com/google/jstestdriver/coverage/javascript/LCOV.js:221:20)\n    at jstestdriver.PluginRegistrar.dispatch_ (http://localhost:9876/static/runner.js:1603:26)\n    at jstestdriver.PluginRegistrar.runTestConfiguration (http://localhost:9876/static/runner.js:1693:8)\n    at jstestdriver.TestRunner.runConfiguration (http://localhost:9876/static/runner.js:2817:25)"}]</error>
</testcase>
<testcase classname="Chrome_3702062120_Linux.main_test" name="test test get client by type" time="0.002">
<error type="error">[{"message":"deepEqual is not defined","name":"ReferenceError","stack":"ReferenceError: deepEqual is not defined\n    at Object.&lt;anonymous&gt; (http://localhost:9876/test/test/qunit/main_test.js:34:25)\n    at QUnitTestCase.(anonymous function) [as test test get client by type] (http://localhost:9876/test/JSTDQUA/QUnitAdapter.js:47:37)\n    at jstestdriver.plugins.TestRunnerPlugin.runTest (http://localhost:9876/static/runner.js:5403:33)\n    at TestResultIterator.runTest (http://localhost:9876/test/com/google/jstestdriver/coverage/javascript/LCOV.js:201:28)\n    at TestResultIterator.runNext (http://localhost:9876/test/com/google/jstestdriver/coverage/javascript/LCOV.js:292:10)\n    at InstrumentedTestCaseRunner.run (http://localhost:9876/test/com/google/jstestdriver/coverage/javascript/LCOV.js:250:27)\n    at bound (http://localhost:9876/static/jstestdrivernamespace.js:71:17)"}]</error>
</testcase>
<testcase classname="Chrome_3702062120_Linux.main_test" name="test test get secretaire by type" time="0.001">
<error type="error">[{"message":"deepEqual is not defined","name":"ReferenceError","stack":"ReferenceError: deepEqual is not defined\n    at Object.&lt;anonymous&gt; (http://localhost:9876/test/test/qunit/main_test.js:49:25)\n    at QUnitTestCase.(anonymous function) [as test test get secretaire by type] (http://localhost:9876/test/JSTDQUA/QUnitAdapter.js:47:37)\n    at jstestdriver.plugins.TestRunnerPlugin.runTest (http://localhost:9876/static/runner.js:5403:33)\n    at TestResultIterator.runTest (http://localhost:9876/test/com/google/jstestdriver/coverage/javascript/LCOV.js:201:28)\n    at TestResultIterator.runNext (http://localhost:9876/test/com/google/jstestdriver/coverage/javascript/LCOV.js:292:10)\n    at InstrumentedTestCaseRunner.run (http://localhost:9876/test/com/google/jstestdriver/coverage/javascript/LCOV.js:250:27)\n    at bound (http://localhost:9876/static/jstestdrivernamespace.js:71:17)"}]</error>
</testcase>
<testcase classname="Chrome_3702062120_Linux.main_test" name="test test get semaine by type" time="0.008">
<error type="error">[{"message":"deepEqual is not defined","name":"ReferenceError","stack":"ReferenceError: deepEqual is not defined\n    at Object.&lt;anonymous&gt; (http://localhost:9876/test/test/qunit/main_test.js:78:25)\n    at QUnitTestCase.(anonymous function) [as test test get semaine by type] (http://localhost:9876/test/JSTDQUA/QUnitAdapter.js:47:37)\n    at jstestdriver.plugins.TestRunnerPlugin.runTest (http://localhost:9876/static/runner.js:5403:33)\n    at TestResultIterator.runTest (http://localhost:9876/test/com/google/jstestdriver/coverage/javascript/LCOV.js:201:28)\n    at TestResultIterator.runNext (http://localhost:9876/test/com/google/jstestdriver/coverage/javascript/LCOV.js:292:10)\n    at InstrumentedTestCaseRunner.run (http://localhost:9876/test/com/google/jstestdriver/coverage/javascript/LCOV.js:250:27)\n    at bound (http://localhost:9876/static/jstestdrivernamespace.js:71:17)"}]</error>
</testcase>
<testcase classname="Chrome_3702062120_Linux.main_test" name="test test init" time="0.642"/>
</testsuite>
